0 info it worked if it ends with ok
1 verbose cli [ 'node',
1 verbose cli   '/usr/local/bin/npm',
1 verbose cli   'install',
1 verbose cli   '//',
1 verbose cli   '--------------------' ]
2 info using npm@1.4.28
3 info using node@v0.10.33
4 warn package.json bgsMythApp@0.0.0 No description
5 warn package.json bgsMythApp@0.0.0 No repository field.
6 warn package.json bgsMythApp@0.0.0 No README data
7 verbose readDependencies using package.json deps
8 verbose cache add [ '//', null ]
9 verbose cache add name=undefined spec="//" args=["//",null]
10 verbose parsed url { protocol: null,
10 verbose parsed url   slashes: null,
10 verbose parsed url   auth: null,
10 verbose parsed url   host: null,
10 verbose parsed url   port: null,
10 verbose parsed url   hostname: null,
10 verbose parsed url   hash: null,
10 verbose parsed url   search: null,
10 verbose parsed url   query: null,
10 verbose parsed url   pathname: '//',
10 verbose parsed url   path: '//',
10 verbose parsed url   href: '//' }
11 silly lockFile ebbffb7d- //
12 verbose lock // /Users/douglasgoodman/.npm/ebbffb7d-.lock
13 silly lockFile ebbffb7d- //
14 silly lockFile ebbffb7d- //
15 error addLocal Could not install //
16 error Error: ENOENT, open '/package.json'
17 error If you need help, you may report this *entire* log,
17 error including the npm and node versions, at:
17 error     <http://github.com/npm/npm/issues>
18 error System Darwin 14.0.0
19 error command "node" "/usr/local/bin/npm" "install" "//" "--------------------"
20 error cwd /Users/douglasgoodman/Code/bigStudio/bgs-myth-app
21 error node -v v0.10.33
22 error npm -v 1.4.28
23 error path /package.json
24 error code ENOENT
25 error errno 34
26 verbose exit [ 34, true ]
